[debug] [2021-07-05T06:25:30.562Z] ----------------------------------------------------------------------
[debug] [2021-07-05T06:25:30.572Z] Command:       /usr/bin/node /usr/bin/firebase emulators:start
[debug] [2021-07-05T06:25:30.573Z] CLI Version:   9.14.0
[debug] [2021-07-05T06:25:30.574Z] Platform:      linux
[debug] [2021-07-05T06:25:30.574Z] Node Version:  v14.17.1
[debug] [2021-07-05T06:25:31.028Z] Time:          Mon Jul 05 2021 13:25:30 GMT+0700 (Indochina Time)
[debug] [2021-07-05T06:25:31.028Z] ----------------------------------------------------------------------
[debug] 
[debug] [2021-07-05T06:25:31.190Z] > command requires scopes: ["email","openid","https://www.googleapis.com/auth/cloudplatformprojects.readonly","https://www.googleapis.com/auth/firebase","https://www.googleapis.com/auth/cloud-platform"]
[debug] [2021-07-05T06:25:31.191Z] > authorizing via signed-in user (nhoxzznhox15@gmail.com)
[info] i  emulators: Starting emulators: storage {"metadata":{"emulator":{"name":"hub"},"message":"Starting emulators: storage"}}
[debug] [2021-07-05T06:25:31.225Z] [hub] writing locator at /tmp/hub-recording-app-d037c.json
[debug] [2021-07-05T06:25:31.270Z] Ignoring unsupported arg: port {"metadata":{"emulator":{"name":"storage"},"message":"Ignoring unsupported arg: port"}}
[debug] [2021-07-05T06:25:38.966Z] Temp file directory for storage emulator: /tmp/firebase/storage/blobs {"metadata":{"emulator":{"name":"storage"},"message":"Temp file directory for storage emulator: /tmp/firebase/storage/blobs"}}
[debug] [2021-07-05T06:25:43.854Z] Ignoring unsupported arg: auto_download {"metadata":{"emulator":{"name":"ui"},"message":"Ignoring unsupported arg: auto_download"}}
[debug] [2021-07-05T06:25:43.855Z] Ignoring unsupported arg: port {"metadata":{"emulator":{"name":"ui"},"message":"Ignoring unsupported arg: port"}}
[debug] [2021-07-05T06:25:43.856Z] Starting Emulator UI with command {"binary":"node","args":["/home/nguyen/.cache/firebase/emulators/ui-v1.5.0/server.bundle.js"],"optionalArgs":[],"joinArgs":false} {"metadata":{"emulator":{"name":"ui"},"message":"Starting Emulator UI with command {\"binary\":\"node\",\"args\":[\"/home/nguyen/.cache/firebase/emulators/ui-v1.5.0/server.bundle.js\"],\"optionalArgs\":[],\"joinArgs\":false}"}}
[info] i  ui: Emulator UI logging to ui-debug.log {"metadata":{"emulator":{"name":"ui"},"message":"Emulator UI logging to \u001b[1mui-debug.log\u001b[22m"}}
[debug] [2021-07-05T06:25:44.039Z] Web / API server started at http://localhost:4000
 {"metadata":{"emulator":{"name":"ui"},"message":"Web / API server started at http://localhost:4000\n"}}
[info] 
┌─────────────────────────────────────────────────────────────┐
│ ✔  All emulators ready! It is now safe to connect your app. │
│ i  View Emulator UI at http://localhost:4000                │
└─────────────────────────────────────────────────────────────┘

┌──────────┬────────────────┬───────────────────────────────┐
│ Emulator │ Host:Port      │ View in Emulator UI           │
├──────────┼────────────────┼───────────────────────────────┤
│ Storage  │ localhost:9199 │ http://localhost:4000/storage │
└──────────┴────────────────┴───────────────────────────────┘
  Emulator Hub running at localhost:4400
  Other reserved ports: 4500

Issues? Report them at https://github.com/firebase/firebase-tools/issues and attach the *-debug.log files.
 
[info] {"result":{"permit":true},"id":1327,"status":"ok"}
{"result":{"permit":true},"id":1328,"status":"ok"} {"metadata":{"emulator":{"name":"storage"},"message":"{\"result\":{\"permit\":true},\"id\":1327,\"status\":\"ok\"}\n{\"result\":{\"permit\":true},\"id\":1328,\"status\":\"ok\"}"}}
